imooc_guolin/build/outputs/logs/manifest-merger-debug-report.txt
-- Merging decision tree log ---
manifest
ADDED from imooc_guolin/imooc_guolin/AndroidManifest.xml:2:1-63:12
	xmlns:android
		ADDED from imooc_guolin/imooc_guolin/AndroidManifest.xml:2:11-69
	package
		ADDED from imooc_guolin/imooc_guolin/AndroidManifest.xml:3:5-25
	android:versionName
		ADDED from imooc_guolin/imooc_guolin/AndroidManifest.xml:5:5-30
	android:versionCode
		ADDED from imooc_guolin/imooc_guolin/AndroidManifest.xml:4:5-28
		INJECTED from imooc_guolin/imooc_guolin/AndroidManifest.xml
		INJECTED from imooc_guolin/imooc_guolin/AndroidManifest.xml
uses-sdk
ADDED from imooc_guolin/imooc_guolin/AndroidManifest.xml:7:5-9:41
	android:targetSdkVersion
		ADDED from imooc_guolin/imooc_guolin/AndroidManifest.xml:9:9-38
	android:minSdkVersion
		ADDED from imooc_guolin/imooc_guolin/AndroidManifest.xml:8:9-35
uses-permission#android.permission.READ_CONTACTS
ADDED from imooc_guolin/imooc_guolin/AndroidManifest.xml:11:5-72
	android:name
		ADDED from imooc_guolin/imooc_guolin/AndroidManifest.xml:11:22-69
uses-permission#android.permission.INTERNET
ADDED from imooc_guolin/imooc_guolin/AndroidManifest.xml:12:5-67
	android:name
		ADDED from imooc_guolin/imooc_guolin/AndroidManifest.xml:12:22-64
uses-permission#android.permission.WRITE_EXTERNAL_STORAGE
ADDED from imooc_guolin/imooc_guolin/AndroidManifest.xml:13:5-81
	android:name
		ADDED from imooc_guolin/imooc_guolin/AndroidManifest.xml:13:22-78
application
ADDED from imooc_guolin/imooc_guolin/AndroidManifest.xml:15:5-61:19
	android:label
		ADDED from imooc_guolin/imooc_guolin/AndroidManifest.xml:18:9-41
	android:allowBackup
		ADDED from imooc_guolin/imooc_guolin/AndroidManifest.xml:16:9-35
	android:icon
		ADDED from imooc_guolin/imooc_guolin/AndroidManifest.xml:17:9-40
	android:theme
		ADDED from imooc_guolin/imooc_guolin/AndroidManifest.xml:19:9-45
activity#com.guolin.MainActivity
ADDED from imooc_guolin/imooc_guolin/AndroidManifest.xml:20:9-30:20
	android:windowSoftInputMode
		ADDED from imooc_guolin/imooc_guolin/AndroidManifest.xml:24:13-55
	android:configChanges
		ADDED from imooc_guolin/imooc_guolin/AndroidManifest.xml:22:13-90
	android:name
		ADDED from imooc_guolin/imooc_guolin/AndroidManifest.xml:21:13-51
	android:launchMode
		ADDED from imooc_guolin/imooc_guolin/AndroidManifest.xml:23:13-43
intent-filter#android.intent.action.MAIN+android.intent.category.LAUNCHER
ADDED from imooc_guolin/imooc_guolin/AndroidManifest.xml:25:13-29:29
action#android.intent.action.MAIN
ADDED from imooc_guolin/imooc_guolin/AndroidManifest.xml:26:17-69
	android:name
		ADDED from imooc_guolin/imooc_guolin/AndroidManifest.xml:26:25-66
category#android.intent.category.LAUNCHER
ADDED from imooc_guolin/imooc_guolin/AndroidManifest.xml:28:17-77
	android:name
		ADDED from imooc_guolin/imooc_guolin/AndroidManifest.xml:28:27-74
activity#com.guolin.ContactsActivity
ADDED from imooc_guolin/imooc_guolin/AndroidManifest.xml:31:9-33:20
	android:name
		ADDED from imooc_guolin/imooc_guolin/AndroidManifest.xml:32:13-55
activity#com.guolin.PullToFreshActivity
ADDED from imooc_guolin/imooc_guolin/AndroidManifest.xml:34:9-36:20
	android:name
		ADDED from imooc_guolin/imooc_guolin/AndroidManifest.xml:35:13-58
activity#com.guolin.RenrenSlideMenuActivity
ADDED from imooc_guolin/imooc_guolin/AndroidManifest.xml:37:9-39:20
	android:name
		ADDED from imooc_guolin/imooc_guolin/AndroidManifest.xml:38:13-62
activity#com.guolin.RotatePicBrowserActivity
ADDED from imooc_guolin/imooc_guolin/AndroidManifest.xml:40:9-42:20
	android:name
		ADDED from imooc_guolin/imooc_guolin/AndroidManifest.xml:41:13-63
activity#com.guolin.WeChatActivity
ADDED from imooc_guolin/imooc_guolin/AndroidManifest.xml:43:9-46:20
	android:theme
		ADDED from imooc_guolin/imooc_guolin/AndroidManifest.xml:45:13-44
	android:name
		ADDED from imooc_guolin/imooc_guolin/AndroidManifest.xml:44:13-53
activity#com.guolin.SlidingLayoutActivity
ADDED from imooc_guolin/imooc_guolin/AndroidManifest.xml:47:9-48:20
	android:name
		ADDED from imooc_guolin/imooc_guolin/AndroidManifest.xml:47:19-66
activity#com.guolin.SlidingViewSwitcherActivity
ADDED from imooc_guolin/imooc_guolin/AndroidManifest.xml:49:9-50:20
	android:name
		ADDED from imooc_guolin/imooc_guolin/AndroidManifest.xml:49:19-72
activity#com.guolin.ThreeDSlidingLayoutActivity
ADDED from imooc_guolin/imooc_guolin/AndroidManifest.xml:51:9-52:20
	android:name
		ADDED from imooc_guolin/imooc_guolin/AndroidManifest.xml:51:19-72
activity#com.guolin.PhotosWallActivity
ADDED from imooc_guolin/imooc_guolin/AndroidManifest.xml:53:9-54:20
	android:name
		ADDED from imooc_guolin/imooc_guolin/AndroidManifest.xml:53:19-63
activity#com.guolin.PhotoWallFallsActivity
ADDED from imooc_guolin/imooc_guolin/AndroidManifest.xml:55:9-56:20
	android:name
		ADDED from imooc_guolin/imooc_guolin/AndroidManifest.xml:55:19-67
activity#com.guolin.ImageDetailsActivity
ADDED from imooc_guolin/imooc_guolin/AndroidManifest.xml:57:9-58:20
	android:name
		ADDED from imooc_guolin/imooc_guolin/AndroidManifest.xml:57:19-65
activity#com.guolin.FragmentActivity
ADDED from imooc_guolin/imooc_guolin/AndroidManifest.xml:59:9-60:20
	android:name
		ADDED from imooc_guolin/imooc_guolin/AndroidManifest.xml:59:19-61